c:\users\jungjohan\desktop\a_clone_to_the_past\sdl2_engine\x64\debug\vc141.pdb
c:\users\jungjohan\desktop\a_clone_to_the_past\sdl2_engine\x64\debug\vc141.idb
c:\users\jungjohan\desktop\a_clone_to_the_past\sdl2_engine\x64\debug\engine.obj
c:\users\jungjohan\desktop\a_clone_to_the_past\sdl2_engine\x64\debug\followentity.obj
c:\users\jungjohan\desktop\a_clone_to_the_past\sdl2_engine\x64\debug\font.obj
c:\users\jungjohan\desktop\a_clone_to_the_past\sdl2_engine\x64\debug\helper.obj
c:\users\jungjohan\desktop\a_clone_to_the_past\sdl2_engine\x64\debug\input.obj
c:\users\jungjohan\desktop\a_clone_to_the_past\sdl2_engine\x64\debug\main.obj
c:\users\jungjohan\desktop\a_clone_to_the_past\sdl2_engine\x64\debug\menuplayer.obj
c:\users\jungjohan\desktop\a_clone_to_the_past\sdl2_engine\x64\debug\menuscene.obj
c:\users\jungjohan\desktop\a_clone_to_the_past\sdl2_engine\x64\debug\music.obj
c:\users\jungjohan\desktop\a_clone_to_the_past\sdl2_engine\x64\debug\physics.obj
c:\users\jungjohan\desktop\a_clone_to_the_past\sdl2_engine\x64\debug\player.obj
c:\users\jungjohan\desktop\a_clone_to_the_past\sdl2_engine\x64\debug\rect.obj
c:\users\jungjohan\desktop\a_clone_to_the_past\sdl2_engine\x64\debug\renderer.obj
c:\users\jungjohan\desktop\a_clone_to_the_past\sdl2_engine\x64\debug\scene.obj
c:\users\jungjohan\desktop\a_clone_to_the_past\sdl2_engine\x64\debug\sound.obj
c:\users\jungjohan\desktop\a_clone_to_the_past\sdl2_engine\x64\debug\text.obj
c:\users\jungjohan\desktop\a_clone_to_the_past\sdl2_engine\x64\debug\texture.obj
c:\users\jungjohan\desktop\a_clone_to_the_past\sdl2_engine\x64\debug\texturedentity.obj
c:\users\jungjohan\desktop\a_clone_to_the_past\sdl2_engine\x64\debug\time.obj
c:\users\jungjohan\desktop\a_clone_to_the_past\sdl2_engine\x64\debug\ui.obj
c:\users\jungjohan\desktop\a_clone_to_the_past\sdl2_engine\x64\debug\farmscene.obj
c:\users\jungjohan\desktop\a_clone_to_the_past\sdl2_engine\x64\debug\farmworld.obj
c:\users\jungjohan\desktop\a_clone_to_the_past\sdl2_engine\x64\debug\forestscene.obj
c:\users\jungjohan\desktop\a_clone_to_the_past\sdl2_engine\x64\debug\forestworld.obj
c:\users\jungjohan\desktop\a_clone_to_the_past\sdl2_engine\x64\debug\health_potion.obj
c:\users\jungjohan\desktop\a_clone_to_the_past\sdl2_engine\x64\debug\ingamemenu.obj
c:\users\jungjohan\desktop\a_clone_to_the_past\sdl2_engine\x64\debug\pickup.obj
c:\users\jungjohan\desktop\a_clone_to_the_past\sdl2_engine\x64\debug\point.obj
c:\users\jungjohan\desktop\a_clone_to_the_past\sdl2_engine\x64\debug\chest.obj
c:\users\jungjohan\desktop\a_clone_to_the_past\sdl2_engine\x64\debug\interactiveentity.obj
c:\users\jungjohan\desktop\a_clone_to_the_past\sdl2_engine\x64\debug\scenechanger.obj
c:\users\jungjohan\desktop\a_clone_to_the_past\sdl2_engine\x64\debug\soulstone.obj
c:\users\jungjohan\desktop\a_clone_to_the_past\sdl2_engine\x64\debug\stamina_potion.obj
c:\users\jungjohan\desktop\a_clone_to_the_past\sdl2_engine\x64\debug\townscene.obj
c:\users\jungjohan\desktop\a_clone_to_the_past\sdl2_engine\x64\debug\townworld.obj
c:\users\jungjohan\desktop\a_clone_to_the_past\sdl2_engine\x64\debug\triggerentity.obj
c:\users\jungjohan\desktop\a_clone_to_the_past\sdl2_engine\x64\debug\actor.obj
c:\users\jungjohan\desktop\a_clone_to_the_past\sdl2_engine\x64\debug\bullet.obj
c:\users\jungjohan\desktop\a_clone_to_the_past\sdl2_engine\x64\debug\color.obj
c:\users\jungjohan\desktop\a_clone_to_the_past\sdl2_engine\x64\debug\enemy.obj
c:\users\jungjohan\desktop\a_clone_to_the_past\sdl2_engine\x64\debug\animation.obj
c:\users\jungjohan\desktop\a_clone_to_the_past\sdl2_engine\x64\debug\collider.obj
c:\users\jungjohan\desktop\a_clone_to_the_past\build\bin\x64\debug\sdl2_engine.pdb
c:\users\jungjohan\desktop\a_clone_to_the_past\sdl2_engine\x64\debug\sdl2_engine.tlog\cl.command.1.tlog
c:\users\jungjohan\desktop\a_clone_to_the_past\sdl2_engine\x64\debug\sdl2_engine.tlog\cl.read.1.tlog
c:\users\jungjohan\desktop\a_clone_to_the_past\sdl2_engine\x64\debug\sdl2_engine.tlog\cl.write.1.tlog
c:\users\jungjohan\desktop\a_clone_to_the_past\sdl2_engine\x64\debug\sdl2_engine.tlog\link-cvtres.read.1.tlog
c:\users\jungjohan\desktop\a_clone_to_the_past\sdl2_engine\x64\debug\sdl2_engine.tlog\link-cvtres.write.1.tlog
c:\users\jungjohan\desktop\a_clone_to_the_past\sdl2_engine\x64\debug\sdl2_engine.tlog\link-rc.read.1.tlog
c:\users\jungjohan\desktop\a_clone_to_the_past\sdl2_engine\x64\debug\sdl2_engine.tlog\link-rc.write.1.tlog
c:\users\jungjohan\desktop\a_clone_to_the_past\sdl2_engine\x64\debug\sdl2_engine.tlog\link.command.1.tlog
c:\users\jungjohan\desktop\a_clone_to_the_past\sdl2_engine\x64\debug\sdl2_engine.tlog\link.read.1.tlog
c:\users\jungjohan\desktop\a_clone_to_the_past\sdl2_engine\x64\debug\sdl2_engine.tlog\link.write.1.tlog
